Notes/app/build/intermediates/manifest_merge_blame_file/debug/manifest-merger-blame-debug-report.txt
1<?xml version="1.0" encoding="utf-8"?>
2<manifest xmlns:android="http://schemas.android.com/apk/res/android"
3    package="com.example.notes"
4    android:versionCode="1"
5    android:versionName="1.0" >
6
7    <uses-sdk
8        android:minSdkVersion="21"
8-->src/main/AndroidManifest.xml
9        android:targetSdkVersion="31" />
9-->src/main/AndroidManifest.xml
10
11    <uses-permission android:name="android.permission.READ_EXTERNAL_STORAGE" />
11-->src/main/AndroidManifest.xml:5:5-79
11-->src/main/AndroidManifest.xml:5:22-77
12    <uses-permission android:name="android.permission.WRITE_EXTERNAL_STORAGE" />
12-->src/main/AndroidManifest.xml:6:5-81
12-->src/main/AndroidManifest.xml:6:22-78
13
14    <application
14-->src/main/AndroidManifest.xml:7:5-43:19
15        android:allowBackup="true"
15-->src/main/AndroidManifest.xml:8:9-35
16        android:appComponentFactory="androidx.core.app.CoreComponentFactory"
16-->[androidx.core:core:1.7.0] AndroidManifest.xml:24:18-86
17        android:debuggable="true"
18        android:fullBackupContent="false"
18-->src/main/AndroidManifest.xml:10:9-42
19        android:icon="@mipmap/ic_launcher"
19-->src/main/AndroidManifest.xml:9:9-43
20        android:label="@string/app_name"
20-->src/main/AndroidManifest.xml:11:9-41
21        android:requestLegacyExternalStorage="true"
21-->src/main/AndroidManifest.xml:12:9-52
22        android:roundIcon="@mipmap/ic_launcher_round"
22-->src/main/AndroidManifest.xml:13:9-54
23        android:supportsRtl="true"
23-->src/main/AndroidManifest.xml:14:9-35
24        android:testOnly="true"
25        android:theme="@style/Theme.Notes" >
25-->src/main/AndroidManifest.xml:15:9-43
26        <provider
26-->src/main/AndroidManifest.xml:16:9-25:20
27            android:name="androidx.core.content.FileProvider"
27-->src/main/AndroidManifest.xml:17:13-62
28            android:authorities="com.example.notes.activities.fileprovider"
28-->src/main/AndroidManifest.xml:18:13-76
29            android:exported="false"
29-->src/main/AndroidManifest.xml:19:13-37
30            android:grantUriPermissions="true" >
30-->src/main/AndroidManifest.xml:20:13-47
31            <meta-data
31-->src/main/AndroidManifest.xml:22:13-24:54
32                android:name="android.support.FILE_PROVIDER_PATHS"
32-->src/main/AndroidManifest.xml:23:17-67
33                android:resource="@xml/file_paths" />
33-->src/main/AndroidManifest.xml:24:17-51
34        </provider>
35
36        <activity
36-->src/main/AndroidManifest.xml:26:9-30:15
37            android:name="com.example.notes.activities.CreateNoteActivity"
37-->src/main/AndroidManifest.xml:27:13-58
38            android:screenOrientation="portrait"
38-->src/main/AndroidManifest.xml:28:13-49
39            android:windowSoftInputMode="stateHidden" />
39-->src/main/AndroidManifest.xml:29:13-54
40        <activity
40-->src/main/AndroidManifest.xml:31:9-41:20
41            android:name="com.example.notes.activities.MainActivity"
41-->src/main/AndroidManifest.xml:32:13-52
42            android:exported="true"
42-->src/main/AndroidManifest.xml:35:13-36
43            android:screenOrientation="portrait"
43-->src/main/AndroidManifest.xml:33:13-49
44            android:windowSoftInputMode="stateHidden" >
44-->src/main/AndroidManifest.xml:34:13-54
45            <intent-filter>
45-->src/main/AndroidManifest.xml:36:13-40:29
46                <action android:name="android.intent.action.MAIN" />
46-->src/main/AndroidManifest.xml:37:17-69
46-->src/main/AndroidManifest.xml:37:25-66
47
48                <category android:name="android.intent.category.LAUNCHER" />
48-->src/main/AndroidManifest.xml:39:17-77
48-->src/main/AndroidManifest.xml:39:27-74
49            </intent-filter>
50        </activity>
51
52        <service
52-->[androidx.room:room-runtime:2.3.0] AndroidManifest.xml:25:9-28:40
53            android:name="androidx.room.MultiInstanceInvalidationService"
53-->[androidx.room:room-runtime:2.3.0] AndroidManifest.xml:26:13-74
54            android:directBootAware="true"
54-->[androidx.room:room-runtime:2.3.0] AndroidManifest.xml:27:13-43
55            android:exported="false" />
55-->[androidx.room:room-runtime:2.3.0] AndroidManifest.xml:28:13-37
56
57        <provider
57-->[androidx.emoji2:emoji2:1.0.0] AndroidManifest.xml:26:9-34:20
58            android:name="androidx.startup.InitializationProvider"
58-->[androidx.emoji2:emoji2:1.0.0] AndroidManifest.xml:27:13-67
59            android:authorities="com.example.notes.androidx-startup"
59-->[androidx.emoji2:emoji2:1.0.0] AndroidManifest.xml:28:13-68
60            android:exported="false" >
60-->[androidx.emoji2:emoji2:1.0.0] AndroidManifest.xml:29:13-37
61            <meta-data
61-->[androidx.emoji2:emoji2:1.0.0] AndroidManifest.xml:31:13-33:52
62                android:name="androidx.emoji2.text.EmojiCompatInitializer"
62-->[androidx.emoji2:emoji2:1.0.0] AndroidManifest.xml:32:17-75
63                android:value="androidx.startup" />
63-->[androidx.emoji2:emoji2:1.0.0] AndroidManifest.xml:33:17-49
64            <meta-data
64-->[androidx.lifecycle:lifecycle-process:2.4.0] AndroidManifest.xml:31:13-33:52
65                android:name="androidx.lifecycle.ProcessLifecycleInitializer"
65-->[androidx.lifecycle:lifecycle-process:2.4.0] AndroidManifest.xml:32:17-78
66                android:value="androidx.startup" />
66-->[androidx.lifecycle:lifecycle-process:2.4.0] AndroidManifest.xml:33:17-49
67        </provider>
68    </application>
69
70</manifest>